        -:    0:Source:dominion.c
        -:    0:Graph:dominion.gcno
        -:    0:Data:dominion.gcda
        -:    0:Runs:1
        -:    0:Programs:1
        -:    1:#include "dominion.h"
        -:    2:#include "dominion_helpers.h"
        -:    3:#include "rngs.h"
        -:    4:#include <stdio.h>
        -:    5:#include <math.h>
        -:    6:#include <stdlib.h>
        -:    7:
function compare called 30030 returned 100% blocks executed 83%
    30030:    8:int compare(const void* a, const void* b) {
    30030:    9:  if (*(int*)a > *(int*)b)
branch  0 taken 0% (fallthrough)
branch  1 taken 100%
    #####:   10:    return 1;
    30030:   11:  if (*(int*)a < *(int*)b)
branch  0 taken 27% (fallthrough)
branch  1 taken 73%
     8008:   12:    return -1;
    22022:   13:  return 0;
        -:   14:}
        -:   15:
function newGame called 0 returned 0% blocks executed 0%
    #####:   16:struct gameState* newGame() {
    #####:   17:  struct gameState* g = malloc(sizeof(struct gameState));
    #####:   18:  return g;
        -:   19:}
        -:   20:
function kingdomCards called 0 returned 0% blocks executed 0%
    #####:   21:int* kingdomCards(int k1, int k2, int k3, int k4, int k5, int k6, int k7,
        -:   22:		  int k8, int k9, int k10) {
    #####:   23:  int* k = malloc(10 * sizeof(int));
    #####:   24:  k[0] = k1;
    #####:   25:  k[1] = k2;
    #####:   26:  k[2] = k3;
    #####:   27:  k[3] = k4;
    #####:   28:  k[4] = k5;
    #####:   29:  k[5] = k6;
    #####:   30:  k[6] = k7;
    #####:   31:  k[7] = k8;
    #####:   32:  k[8] = k9;
    #####:   33:  k[9] = k10;
    #####:   34:  return k;
        -:   35:}
        -:   36:
function initializeGame called 1001 returned 100% blocks executed 88%
     1001:   37:int initializeGame(int numPlayers, int kingdomCards[10], int randomSeed,
        -:   38:		   struct gameState *state) {
        -:   39:
        -:   40:  int i;
        -:   41:  int j;
        -:   42:  int it;			
        -:   43:  //set up random number generator
     1001:   44:  SelectStream(1);
call    0 returned 100%
     1001:   45:  PutSeed((long)randomSeed);
call    0 returned 100%
        -:   46:  
        -:   47:  //check number of players
     1001:   48:  if (numPlayers > MAX_PLAYERS || numPlayers < 2)
branch  0 taken 100% (fallthrough)
branch  1 taken 0%
branch  2 taken 0% (fallthrough)
branch  3 taken 100%
        -:   49:    {
    #####:   50:      return -1;
        -:   51:    }
        -:   52:
        -:   53:  //set number of players
     1001:   54:  state->numPlayers = numPlayers;
        -:   55:
        -:   56:  //check selected kingdom cards are different
    11011:   57:  for (i = 0; i < 10; i++)
branch  0 taken 91%
branch  1 taken 9% (fallthrough)
        -:   58:    {
   110110:   59:      for (j = 0; j < 10; j++)
branch  0 taken 91%
branch  1 taken 9% (fallthrough)
        -:   60:        {
   100100:   61:	  if (j != i && kingdomCards[j] == kingdomCards[i])
branch  0 taken 90% (fallthrough)
branch  1 taken 10%
branch  2 taken 0% (fallthrough)
branch  3 taken 100%
        -:   62:	    {
    #####:   63:	      return -1;
        -:   64:	    }
        -:   65:        }
        -:   66:    }
        -:   67:
        -:   68:
        -:   69:  //initialize supply
        -:   70:  ///////////////////////////////
        -:   71:
        -:   72:  //set number of Curse cards
     1001:   73:  if (numPlayers == 2)
branch  0 taken 100% (fallthrough)
branch  1 taken 0%
        -:   74:    {
     1001:   75:      state->supplyCount[curse] = 10;
        -:   76:    }
    #####:   77:  else if (numPlayers == 3)
branch  0 never executed
branch  1 never executed
        -:   78:    {
    #####:   79:      state->supplyCount[curse] = 20;
        -:   80:    }
        -:   81:  else
        -:   82:    {
    #####:   83:      state->supplyCount[curse] = 30;
        -:   84:    }
        -:   85:
        -:   86:  //set number of Victory cards
     1001:   87:  if (numPlayers == 2)
branch  0 taken 100% (fallthrough)
branch  1 taken 0%
        -:   88:    {
     1001:   89:      state->supplyCount[estate] = 8;
     1001:   90:      state->supplyCount[duchy] = 8;
     1001:   91:      state->supplyCount[province] = 8;
        -:   92:    }
        -:   93:  else
        -:   94:    {
    #####:   95:      state->supplyCount[estate] = 12;
    #####:   96:      state->supplyCount[duchy] = 12;
    #####:   97:      state->supplyCount[province] = 12;
        -:   98:    }
        -:   99:
        -:  100:  //set number of Treasure cards
     1001:  101:  state->supplyCount[copper] = 60 - (7 * numPlayers);
     1001:  102:  state->supplyCount[silver] = 40;
     1001:  103:  state->supplyCount[gold] = 30;
        -:  104:
        -:  105:  //set number of Kingdom cards
    21021:  106:  for (i = adventurer; i <= treasure_map; i++)       	//loop all cards
branch  0 taken 95%
branch  1 taken 5% (fallthrough)
        -:  107:    {
   165165:  108:      for (j = 0; j < 10; j++)           		//loop chosen cards
branch  0 taken 94%
branch  1 taken 6% (fallthrough)
        -:  109:	{
   155155:  110:	  if (kingdomCards[j] == i)
branch  0 taken 6% (fallthrough)
branch  1 taken 94%
        -:  111:	    {
        -:  112:	      //check if card is a 'Victory' Kingdom card
    10010:  113:	      if (kingdomCards[j] == great_hall || kingdomCards[j] == gardens)
branch  0 taken 100% (fallthrough)
branch  1 taken 0%
branch  2 taken 10% (fallthrough)
branch  3 taken 90%
        -:  114:		{
     2002:  115:		  if (numPlayers == 2){ 
branch  0 taken 100% (fallthrough)
branch  1 taken 0%
     1001:  116:		    state->supplyCount[i] = 8; 
        -:  117:		  }
    #####:  118:		  else{ state->supplyCount[i] = 12; }
        -:  119:		}
        -:  120:	      else
        -:  121:		{
     9009:  122:		  state->supplyCount[i] = 10;
        -:  123:		}
    10010:  124:	      break;
        -:  125:	    }
        -:  126:	  else    //card is not in the set choosen for the game
        -:  127:	    {
   145145:  128:	      state->supplyCount[i] = -1;
        -:  129:	    }
        -:  130:	}
        -:  131:
        -:  132:    }
        -:  133:
        -:  134:  ////////////////////////
        -:  135:  //supply intilization complete
        -:  136:
        -:  137:  //set player decks
     3003:  138:  for (i = 0; i < numPlayers; i++)
branch  0 taken 67%
branch  1 taken 33% (fallthrough)
        -:  139:    {
     2002:  140:      state->deckCount[i] = 0;
     8008:  141:      for (j = 0; j < 3; j++)
branch  0 taken 75%
branch  1 taken 25% (fallthrough)
        -:  142:	{
     6006:  143:	  state->deck[i][j] = estate;
     6006:  144:	  state->deckCount[i]++;
        -:  145:	}
    16016:  146:      for (j = 3; j < 10; j++)
branch  0 taken 88%
branch  1 taken 13% (fallthrough)
        -:  147:	{
    14014:  148:	  state->deck[i][j] = copper;
    14014:  149:	  state->deckCount[i]++;		
        -:  150:	}
        -:  151:    }
        -:  152:
        -:  153:  //shuffle player decks
     3003:  154:  for (i = 0; i < numPlayers; i++)
branch  0 taken 67%
branch  1 taken 33% (fallthrough)
        -:  155:    {
     2002:  156:      if ( shuffle(i, state) < 0 )
call    0 returned 100%
branch  1 taken 0% (fallthrough)
branch  2 taken 100%
        -:  157:	{
    #####:  158:	  return -1;
        -:  159:	}
        -:  160:    }
        -:  161:
        -:  162:  //draw player hands
     3003:  163:  for (i = 0; i < numPlayers; i++)
branch  0 taken 67%
branch  1 taken 33% (fallthrough)
        -:  164:    {  
        -:  165:      //initialize hand size to zero
     2002:  166:      state->handCount[i] = 0;
     2002:  167:      state->discardCount[i] = 0;
        -:  168:      //draw 5 cards
        -:  169:      // for (j = 0; j < 5; j++)
        -:  170:      //	{
        -:  171:      //	  drawCard(i, state);
        -:  172:      //	}
        -:  173:    }
        -:  174:  
        -:  175:  //set embargo tokens to 0 for all supply piles
    28028:  176:  for (i = 0; i <= treasure_map; i++)
branch  0 taken 96%
branch  1 taken 4% (fallthrough)
        -:  177:    {
    27027:  178:      state->embargoTokens[i] = 0;
        -:  179:    }
        -:  180:
        -:  181:  //initialize first player's turn
     1001:  182:  state->outpostPlayed = 0;
     1001:  183:  state->phase = 0;
     1001:  184:  state->numActions = 1;
     1001:  185:  state->numBuys = 1;
     1001:  186:  state->playedCardCount = 0;
     1001:  187:  state->whoseTurn = 0;
     1001:  188:  state->handCount[state->whoseTurn] = 0;
        -:  189:  //int it; move to top
        -:  190:
        -:  191:  //Moved draw cards to here, only drawing at the start of a turn
     6006:  192:  for (it = 0; it < 5; it++){
branch  0 taken 83%
branch  1 taken 17% (fallthrough)
     5005:  193:    drawCard(state->whoseTurn, state);
call    0 returned 100%
        -:  194:  }
        -:  195:
     1001:  196:  updateCoins(state->whoseTurn, state, 0);
call    0 returned 100%
        -:  197:
     1001:  198:  return 0;
        -:  199:}
        -:  200:
function shuffle called 2002 returned 100% blocks executed 94%
     2002:  201:int shuffle(int player, struct gameState *state) {
        -:  202: 
        -:  203:
        -:  204:  int newDeck[MAX_DECK];
     2002:  205:  int newDeckPos = 0;
        -:  206:  int card;
        -:  207:  int i;
        -:  208:
     2002:  209:  if (state->deckCount[player] < 1)
branch  0 taken 0% (fallthrough)
branch  1 taken 100%
    #####:  210:    return -1;
     2002:  211:  qsort ((void*)(state->deck[player]), state->deckCount[player], sizeof(int), compare); 
call    0 returned 100%
        -:  212:  /* SORT CARDS IN DECK TO ENSURE DETERMINISM! */
        -:  213:
    24024:  214:  while (state->deckCount[player] > 0) {
branch  0 taken 91%
branch  1 taken 9% (fallthrough)
    20020:  215:    card = floor(Random() * state->deckCount[player]);
call    0 returned 100%
    20020:  216:    newDeck[newDeckPos] = state->deck[player][card];
    20020:  217:    newDeckPos++;
    65065:  218:    for (i = card; i < state->deckCount[player]-1; i++) {
branch  0 taken 69%
branch  1 taken 31% (fallthrough)
    45045:  219:      state->deck[player][i] = state->deck[player][i+1];
        -:  220:    }
    20020:  221:    state->deckCount[player]--;
        -:  222:  }
    22022:  223:  for (i = 0; i < newDeckPos; i++) {
branch  0 taken 91%
branch  1 taken 9% (fallthrough)
    20020:  224:    state->deck[player][i] = newDeck[i];
    20020:  225:    state->deckCount[player]++;
        -:  226:  }
        -:  227:
     2002:  228:  return 0;
        -:  229:}
        -:  230:
function playCard called 0 returned 0% blocks executed 0%
    #####:  231:int playCard(int handPos, int choice1, int choice2, int choice3, struct gameState *state) 
        -:  232:{	
        -:  233:  int card;
    #####:  234:  int coin_bonus = 0; 		//tracks coins gain from actions
        -:  235:
        -:  236:  //check if it is the right phase
    #####:  237:  if (state->phase != 0)
branch  0 never executed
branch  1 never executed
        -:  238:    {
    #####:  239:      return -1;
        -:  240:    }
        -:  241:	
        -:  242:  //check if player has enough actions
    #####:  243:  if ( state->numActions < 1 )
branch  0 never executed
branch  1 never executed
        -:  244:    {
    #####:  245:      return -1;
        -:  246:    }
        -:  247:	
        -:  248:  //get card played
    #####:  249:  card = handCard(handPos, state);
call    0 never executed
        -:  250:	
        -:  251:  //check if selected card is an action
    #####:  252:  if ( card < adventurer || card > treasure_map )
branch  0 never executed
branch  1 never executed
branch  2 never executed
branch  3 never executed
        -:  253:    {
    #####:  254:      return -1;
        -:  255:    }
        -:  256:	
        -:  257:  //play card
    #####:  258:  if ( cardEffect(card, choice1, choice2, choice3, state, handPos, &coin_bonus) < 0 )
call    0 never executed
branch  1 never executed
branch  2 never executed
        -:  259:    {
    #####:  260:      return -1;
        -:  261:    }
        -:  262:	
        -:  263:  //reduce number of actions
    #####:  264:  state->numActions--;
        -:  265:
        -:  266:  //update coins (Treasure cards may be added with card draws)
    #####:  267:  updateCoins(state->whoseTurn, state, coin_bonus);
call    0 never executed
        -:  268:	
    #####:  269:  return 0;
        -:  270:}
        -:  271:
function buyCard called 0 returned 0% blocks executed 0%
    #####:  272:int buyCard(int supplyPos, struct gameState *state) {
        -:  273:  int who;
        -:  274:  if (DEBUG){
        -:  275:    printf("Entering buyCard...\n");
        -:  276:  }
        -:  277:
        -:  278:  // I don't know what to do about the phase thing.
        -:  279:
    #####:  280:  who = state->whoseTurn;
        -:  281:
    #####:  282:  if (state->numBuys < 1){
branch  0 never executed
branch  1 never executed
        -:  283:    if (DEBUG)
        -:  284:      printf("You do not have any buys left\n");
    #####:  285:    return -1;
    #####:  286:  } else if (supplyCount(supplyPos, state) <1){
call    0 never executed
branch  1 never executed
branch  2 never executed
        -:  287:    if (DEBUG)
        -:  288:      printf("There are not any of that type of card left\n");
    #####:  289:    return -1;
    #####:  290:  } else if (state->coins < getCost(supplyPos)){
call    0 never executed
branch  1 never executed
branch  2 never executed
        -:  291:    if (DEBUG) 
        -:  292:      printf("You do not have enough money to buy that. You have %d coins.\n", state->coins);
    #####:  293:    return -1;
        -:  294:  } else {
    #####:  295:    state->phase=1;
        -:  296:    //state->supplyCount[supplyPos]--;
    #####:  297:    gainCard(supplyPos, state, 0, who); //card goes in discard, this might be wrong.. (2 means goes into hand, 0 goes into discard)
call    0 never executed
        -:  298:  
    #####:  299:    state->coins = (state->coins) - (getCost(supplyPos));
call    0 never executed
    #####:  300:    state->numBuys--;
        -:  301:    if (DEBUG)
        -:  302:      printf("You bought card number %d for %d coins. You now have %d buys and %d coins.\n", supplyPos, getCost(supplyPos), state->numBuys, state->coins);
        -:  303:  }
        -:  304:
        -:  305:  //state->discard[who][state->discardCount[who]] = supplyPos;
        -:  306:  //state->discardCount[who]++;
        -:  307:    
    #####:  308:  return 0;
        -:  309:}
        -:  310:
function numHandCards called 0 returned 0% blocks executed 0%
    #####:  311:int numHandCards(struct gameState *state) {
    #####:  312:  return state->handCount[ whoseTurn(state) ];
call    0 never executed
        -:  313:}
        -:  314:
function handCard called 0 returned 0% blocks executed 0%
    #####:  315:int handCard(int handPos, struct gameState *state) {
    #####:  316:  int currentPlayer = whoseTurn(state);
call    0 never executed
    #####:  317:  return state->hand[currentPlayer][handPos];
        -:  318:}
        -:  319:
function supplyCount called 0 returned 0% blocks executed 0%
    #####:  320:int supplyCount(int card, struct gameState *state) {
    #####:  321:  return state->supplyCount[card];
        -:  322:}
        -:  323:
function fullDeckCount called 0 returned 0% blocks executed 0%
    #####:  324:int fullDeckCount(int player, int card, struct gameState *state) {
        -:  325:  int i;
    #####:  326:  int count = 0;
        -:  327:
    #####:  328:  for (i = 0; i < state->deckCount[player]; i++)
branch  0 never executed
branch  1 never executed
        -:  329:    {
    #####:  330:      if (state->deck[player][i] == card) count++;
branch  0 never executed
branch  1 never executed
        -:  331:    }
        -:  332:
    #####:  333:  for (i = 0; i < state->handCount[player]; i++)
branch  0 never executed
branch  1 never executed
        -:  334:    {
    #####:  335:      if (state->hand[player][i] == card) count++;
branch  0 never executed
branch  1 never executed
        -:  336:    }
        -:  337:
    #####:  338:  for (i = 0; i < state->discardCount[player]; i++)
branch  0 never executed
branch  1 never executed
        -:  339:    {
    #####:  340:      if (state->discard[player][i] == card) count++;
branch  0 never executed
branch  1 never executed
        -:  341:    }
        -:  342:
    #####:  343:  return count;
        -:  344:}
        -:  345:
function whoseTurn called 1000 returned 100% blocks executed 100%
     1000:  346:int whoseTurn(struct gameState *state) {
     1000:  347:  return state->whoseTurn;
        -:  348:}
        -:  349:
function endTurn called 0 returned 0% blocks executed 0%
    #####:  350:int endTurn(struct gameState *state) {
        -:  351:  int k;
        -:  352:  int i;
    #####:  353:  int currentPlayer = whoseTurn(state);
call    0 never executed
        -:  354:  
        -:  355:  //Discard hand
    #####:  356:  for (i = 0; i < state->handCount[currentPlayer]; i++){
branch  0 never executed
branch  1 never executed
    #####:  357:    state->discard[currentPlayer][state->discardCount[currentPlayer]++] = state->hand[currentPlayer][i];//Discard
    #####:  358:    state->hand[currentPlayer][i] = -1;//Set card to -1
        -:  359:  }
    #####:  360:  state->handCount[currentPlayer] = 0;//Reset hand count
        -:  361:    
        -:  362:  //Code for determining the player
    #####:  363:  if (currentPlayer < (state->numPlayers - 1)){ 
branch  0 never executed
branch  1 never executed
    #####:  364:    state->whoseTurn = currentPlayer + 1;//Still safe to increment
        -:  365:  }
        -:  366:  else{
    #####:  367:    state->whoseTurn = 0;//Max player has been reached, loop back around to player 1
        -:  368:  }
        -:  369:
    #####:  370:  state->outpostPlayed = 0;
    #####:  371:  state->phase = 0;
    #####:  372:  state->numActions = 1;
    #####:  373:  state->coins = 0;
    #####:  374:  state->numBuys = 1;
    #####:  375:  state->playedCardCount = 0;
    #####:  376:  state->handCount[state->whoseTurn] = 0;
        -:  377:
        -:  378:  //int k; move to top
        -:  379:  //Next player draws hand
    #####:  380:  for (k = 0; k < 5; k++){
branch  0 never executed
branch  1 never executed
    #####:  381:    drawCard(state->whoseTurn, state);//Draw a card
call    0 never executed
        -:  382:  }
        -:  383:
        -:  384:  //Update money
    #####:  385:  updateCoins(state->whoseTurn, state , 0);
call    0 never executed
        -:  386:
    #####:  387:  return 0;
        -:  388:}
        -:  389:
function isGameOver called 0 returned 0% blocks executed 0%
    #####:  390:int isGameOver(struct gameState *state) {
        -:  391:  int i;
        -:  392:  int j;
        -:  393:	
        -:  394:  //if stack of Province cards is empty, the game ends
    #####:  395:  if (state->supplyCount[province] == 0)
branch  0 never executed
branch  1 never executed
        -:  396:    {
    #####:  397:      return 1;
        -:  398:    }
        -:  399:
        -:  400:  //if three supply pile are at 0, the game ends
    #####:  401:  j = 0;
    #####:  402:  for (i = 0; i < 25; i++)
branch  0 never executed
branch  1 never executed
        -:  403:    {
    #####:  404:      if (state->supplyCount[i] == 0)
branch  0 never executed
branch  1 never executed
        -:  405:	{
    #####:  406:	  j++;
        -:  407:	}
        -:  408:    }
    #####:  409:  if ( j >= 3)
branch  0 never executed
branch  1 never executed
        -:  410:    {
    #####:  411:      return 1;
        -:  412:    }
        -:  413:
    #####:  414:  return 0;
        -:  415:}
        -:  416:
function scoreFor called 0 returned 0% blocks executed 0%
    #####:  417:int scoreFor (int player, struct gameState *state) {
        -:  418:
        -:  419:  int i;
    #####:  420:  int score = 0;
        -:  421:  //score from hand
    #####:  422:  for (i = 0; i < state->handCount[player]; i++)
branch  0 never executed
branch  1 never executed
        -:  423:    {
    #####:  424:      if (state->hand[player][i] == curse) { score = score - 1; };
branch  0 never executed
branch  1 never executed
    #####:  425:      if (state->hand[player][i] == estate) { score = score + 1; };
branch  0 never executed
branch  1 never executed
    #####:  426:      if (state->hand[player][i] == duchy) { score = score + 3; };
branch  0 never executed
branch  1 never executed
    #####:  427:      if (state->hand[player][i] == province) { score = score + 6; };
branch  0 never executed
branch  1 never executed
    #####:  428:      if (state->hand[player][i] == great_hall) { score = score + 1; };
branch  0 never executed
branch  1 never executed
    #####:  429:      if (state->hand[player][i] == gardens) { score = score + ( fullDeckCount(player, 0, state) / 10 ); };
branch  0 never executed
branch  1 never executed
call    2 never executed
        -:  430:    }
        -:  431:
        -:  432:  //score from discard
    #####:  433:  for (i = 0; i < state->discardCount[player]; i++)
branch  0 never executed
branch  1 never executed
        -:  434:    {
    #####:  435:      if (state->discard[player][i] == curse) { score = score - 1; };
branch  0 never executed
branch  1 never executed
    #####:  436:      if (state->discard[player][i] == estate) { score = score + 1; };
branch  0 never executed
branch  1 never executed
    #####:  437:      if (state->discard[player][i] == duchy) { score = score + 3; };
branch  0 never executed
branch  1 never executed
    #####:  438:      if (state->discard[player][i] == province) { score = score + 6; };
branch  0 never executed
branch  1 never executed
    #####:  439:      if (state->discard[player][i] == great_hall) { score = score + 1; };
branch  0 never executed
branch  1 never executed
    #####:  440:      if (state->discard[player][i] == gardens) { score = score + ( fullDeckCount(player, 0, state) / 10 ); };
branch  0 never executed
branch  1 never executed
call    2 never executed
        -:  441:    }
        -:  442:
        -:  443:  //score from deck
    #####:  444:  for (i = 0; i < state->discardCount[player]; i++)
branch  0 never executed
branch  1 never executed
        -:  445:    {
    #####:  446:      if (state->deck[player][i] == curse) { score = score - 1; };
branch  0 never executed
branch  1 never executed
    #####:  447:      if (state->deck[player][i] == estate) { score = score + 1; };
branch  0 never executed
branch  1 never executed
    #####:  448:      if (state->deck[player][i] == duchy) { score = score + 3; };
branch  0 never executed
branch  1 never executed
    #####:  449:      if (state->deck[player][i] == province) { score = score + 6; };
branch  0 never executed
branch  1 never executed
    #####:  450:      if (state->deck[player][i] == great_hall) { score = score + 1; };
branch  0 never executed
branch  1 never executed
    #####:  451:      if (state->deck[player][i] == gardens) { score = score + ( fullDeckCount(player, 0, state) / 10 ); };
branch  0 never executed
branch  1 never executed
call    2 never executed
        -:  452:    }
        -:  453:
    #####:  454:  return score;
        -:  455:}
        -:  456:
function getWinners called 0 returned 0% blocks executed 0%
    #####:  457:int getWinners(int players[MAX_PLAYERS], struct gameState *state) {
        -:  458:  int i;	
        -:  459:  int j;
        -:  460:  int highScore;
        -:  461:  int currentPlayer;
        -:  462:
        -:  463:  //get score for each player
    #####:  464:  for (i = 0; i < MAX_PLAYERS; i++)
branch  0 never executed
branch  1 never executed
        -:  465:    {
        -:  466:      //set unused player scores to -9999
    #####:  467:      if (i >= state->numPlayers)
branch  0 never executed
branch  1 never executed
        -:  468:	{
    #####:  469:	  players[i] = -9999;
        -:  470:	}
        -:  471:      else
        -:  472:	{
    #####:  473:	  players[i] = scoreFor (i, state);
call    0 never executed
        -:  474:	}
        -:  475:    }
        -:  476:
        -:  477:  //find highest score
    #####:  478:  j = 0;
    #####:  479:  for (i = 0; i < MAX_PLAYERS; i++)
branch  0 never executed
branch  1 never executed
        -:  480:    {
    #####:  481:      if (players[i] > players[j])
branch  0 never executed
branch  1 never executed
        -:  482:	{
    #####:  483:	  j = i;
        -:  484:	}
        -:  485:    }
    #####:  486:  highScore = players[j];
        -:  487:
        -:  488:  //add 1 to players who had less turns
    #####:  489:  currentPlayer = whoseTurn(state);
call    0 never executed
    #####:  490:  for (i = 0; i < MAX_PLAYERS; i++)
branch  0 never executed
branch  1 never executed
        -:  491:    {
    #####:  492:      if ( players[i] == highScore && i > currentPlayer )
branch  0 never executed
branch  1 never executed
branch  2 never executed
branch  3 never executed
        -:  493:	{
    #####:  494:	  players[i]++;
        -:  495:	}
        -:  496:    }
        -:  497:
        -:  498:  //find new highest score
    #####:  499:  j = 0;
    #####:  500:  for (i = 0; i < MAX_PLAYERS; i++)
branch  0 never executed
branch  1 never executed
        -:  501:    {
    #####:  502:      if ( players[i] > players[j] )
branch  0 never executed
branch  1 never executed
        -:  503:	{
    #####:  504:	  j = i;
        -:  505:	}
        -:  506:    }
    #####:  507:  highScore = players[j];
        -:  508:
        -:  509:  //set winners in array to 1 and rest to 0
    #####:  510:  for (i = 0; i < MAX_PLAYERS; i++)
branch  0 never executed
branch  1 never executed
        -:  511:    {
    #####:  512:      if ( players[i] == highScore )
branch  0 never executed
branch  1 never executed
        -:  513:	{
    #####:  514:	  players[i] = 1;
        -:  515:	}
        -:  516:      else
        -:  517:	{
    #####:  518:	  players[i] = 0;
        -:  519:	}
        -:  520:    }
        -:  521:
    #####:  522:  return 0;
        -:  523:}
        -:  524:
function drawCard called 5005 returned 100% blocks executed 38%
     5005:  525:int drawCard(int player, struct gameState *state)
        -:  526:{	int count;
        -:  527:  int deckCounter;
     5005:  528:  if (state->deckCount[player] <= 0){//Deck is empty
branch  0 taken 0% (fallthrough)
branch  1 taken 100%
        -:  529:    
        -:  530:    //Step 1 Shuffle the discard pile back into a deck
        -:  531:    int i;
        -:  532:    //Move discard to deck
    #####:  533:    for (i = 0; i < state->discardCount[player];i++){
branch  0 never executed
branch  1 never executed
    #####:  534:      state->deck[player][i] = state->discard[player][i];
    #####:  535:      state->discard[player][i] = -1;
        -:  536:    }
        -:  537:
    #####:  538:    state->deckCount[player] = state->discardCount[player];
    #####:  539:    state->discardCount[player] = 0;//Reset discard
        -:  540:
        -:  541:    //Shufffle the deck
    #####:  542:    shuffle(player, state);//Shuffle the deck up and make it so that we can draw
call    0 never executed
        -:  543:   
        -:  544:    if (DEBUG){//Debug statements
        -:  545:      printf("Deck count now: %d\n", state->deckCount[player]);
        -:  546:    }
        -:  547:    
    #####:  548:    state->discardCount[player] = 0;
        -:  549:
        -:  550:    //Step 2 Draw Card
    #####:  551:    count = state->handCount[player];//Get current player's hand count
        -:  552:    
        -:  553:    if (DEBUG){//Debug statements
        -:  554:      printf("Current hand count: %d\n", count);
        -:  555:    }
        -:  556:    
    #####:  557:    deckCounter = state->deckCount[player];//Create a holder for the deck count
        -:  558:
    #####:  559:    if (deckCounter == 0)
branch  0 never executed
branch  1 never executed
    #####:  560:      return -1;
        -:  561:
    #####:  562:    state->hand[player][count] = state->deck[player][deckCounter - 1];//Add card to hand
    #####:  563:    state->deckCount[player]--;
    #####:  564:    state->handCount[player]++;//Increment hand count
        -:  565:  }
        -:  566:
        -:  567:  else{
     5005:  568:    int count = state->handCount[player];//Get current hand count for player
        -:  569:    int deckCounter;
        -:  570:    if (DEBUG){//Debug statements
        -:  571:      printf("Current hand count: %d\n", count);
        -:  572:    }
        -:  573:
     5005:  574:    deckCounter = state->deckCount[player];//Create holder for the deck count
     5005:  575:    state->hand[player][count] = state->deck[player][deckCounter - 1];//Add card to the hand
     5005:  576:    state->deckCount[player]--;
     5005:  577:    state->handCount[player]++;//Increment hand count
        -:  578:  }
        -:  579:
     5005:  580:  return 0;
        -:  581:}
        -:  582:
function getCost called 0 returned 0% blocks executed 0%
    #####:  583:int getCost(int cardNumber)
        -:  584:{
    #####:  585:  switch( cardNumber ) 
branch  0 never executed
branch  1 never executed
branch  2 never executed
branch  3 never executed
branch  4 never executed
branch  5 never executed
branch  6 never executed
branch  7 never executed
branch  8 never executed
branch  9 never executed
branch 10 never executed
branch 11 never executed
branch 12 never executed
branch 13 never executed
branch 14 never executed
branch 15 never executed
branch 16 never executed
branch 17 never executed
branch 18 never executed
branch 19 never executed
branch 20 never executed
branch 21 never executed
branch 22 never executed
branch 23 never executed
branch 24 never executed
branch 25 never executed
branch 26 never executed
branch 27 never executed
        -:  586:    {
        -:  587:    case curse:
    #####:  588:      return 0;
        -:  589:    case estate:
    #####:  590:      return 2;
        -:  591:    case duchy:
    #####:  592:      return 5;
        -:  593:    case province:
    #####:  594:      return 8;
        -:  595:    case copper:
    #####:  596:      return 0;
        -:  597:    case silver:
    #####:  598:      return 3;
        -:  599:    case gold:
    #####:  600:      return 6;
        -:  601:    case adventurer:
    #####:  602:      return 6;
        -:  603:    case council_room:
    #####:  604:      return 5;
        -:  605:    case feast:
    #####:  606:      return 4;
        -:  607:    case gardens:
    #####:  608:      return 4;
        -:  609:    case mine:
    #####:  610:      return 5;
        -:  611:    case remodel:
    #####:  612:      return 4;
        -:  613:    case smithy:
    #####:  614:      return 4;
        -:  615:    case village:
    #####:  616:      return 3;
        -:  617:    case baron:
    #####:  618:      return 4;
        -:  619:    case great_hall:
    #####:  620:      return 3;
        -:  621:    case minion:
    #####:  622:      return 5;
        -:  623:    case steward:
    #####:  624:      return 3;
        -:  625:    case tribute:
    #####:  626:      return 5;
        -:  627:    case ambassador:
    #####:  628:      return 3;
        -:  629:    case cutpurse:
    #####:  630:      return 4;
        -:  631:    case embargo: 
    #####:  632:      return 2;
        -:  633:    case outpost:
    #####:  634:      return 5;
        -:  635:    case salvager:
    #####:  636:      return 4;
        -:  637:    case sea_hag:
    #####:  638:      return 4;
        -:  639:    case treasure_map:
    #####:  640:      return 4;
        -:  641:    }
        -:  642:	
    #####:  643:  return -1;
        -:  644:}
        -:  645:
        -:  646://&&&
        -:  647:
        -:  648://Adventurer
function actAdventurer called 0 returned 0% blocks executed 0%
    #####:  649:int actAdventurer(int card, int choice1, int choice2, int choice3, struct gameState *state, int handPos, int *bonus)
        -:  650:{
        -:  651:	//general initialization
        -:  652:	int i;
        -:  653:	int j;
        -:  654:	int k;
        -:  655:	int x;
        -:  656:	int index;
    #####:  657:	int currentPlayer = whoseTurn(state);
call    0 never executed
    #####:  658:	int nextPlayer = currentPlayer + 1;
        -:  659:
    #####:  660:	int tributeRevealedCards[2] = {-1, -1};
        -:  661:	int temphand[MAX_HAND];// moved above the if statement
    #####:  662:	int drawntreasure=0;
        -:  663:	int cardDrawn;
    #####:  664:	int z = 0;// this is the counter for the temp hand
    #####:  665:	if (nextPlayer > (state->numPlayers - 1)){
branch  0 never executed
branch  1 never executed
    #####:  666:	nextPlayer = 0;
        -:  667:	}
        -:  668:	
        -:  669:	//adventurer action
    #####:  670:	while(drawntreasure<1){ //FIX ME, change to drawntreasure<2
branch  0 never executed
branch  1 never executed
    #####:  671:		if (state->deckCount[currentPlayer] <1){//if the deck is empty we need to shuffle discard and add to deck
branch  0 never executed
branch  1 never executed
    #####:  672:		  shuffle(currentPlayer, state);
call    0 never executed
        -:  673:		}
    #####:  674:		drawCard(currentPlayer, state);
call    0 never executed
    #####:  675:		cardDrawn = state->hand[currentPlayer][state->handCount[currentPlayer]-1];//top card of hand is most recently drawn card.
    #####:  676:		if (cardDrawn == copper || cardDrawn == silver || cardDrawn == gold)
branch  0 never executed
branch  1 never executed
branch  2 never executed
branch  3 never executed
branch  4 never executed
branch  5 never executed
    #####:  677:		  drawntreasure++;
        -:  678:		else{
    #####:  679:		  temphand[z]=cardDrawn;
    #####:  680:		  state->handCount[currentPlayer]--; //this should just remove the top card (the most recently drawn one).
    #####:  681:		  z++;
        -:  682:		}
        -:  683:		  }
    #####:  684:		  while(z-1>=0){
branch  0 never executed
branch  1 never executed
    #####:  685:		state->discard[currentPlayer][state->discardCount[currentPlayer]++]=temphand[z-1]; // discard all cards in play that have been drawn
    #####:  686:		z=z-1;
        -:  687:		  }
    #####:  688:		  return 0;	
        -:  689:}
        -:  690:
        -:  691://Smithy
function actSmithy called 0 returned 0% blocks executed 0%
    #####:  692:int actSmithy(int card, int choice1, int choice2, int choice3, struct gameState *state, int handPos, int *bonus)
        -:  693:{
        -:  694:	//general initialization
        -:  695:	int i;
        -:  696:	int j;
        -:  697:	int k;
        -:  698:	int x;
        -:  699:	int index;
    #####:  700:	int currentPlayer = whoseTurn(state);
call    0 never executed
    #####:  701:	int nextPlayer = currentPlayer + 1;
        -:  702:
    #####:  703:	int tributeRevealedCards[2] = {-1, -1};
        -:  704:	int temphand[MAX_HAND];// moved above the if statement
    #####:  705:	int drawntreasure=0;
        -:  706:	int cardDrawn;
    #####:  707:	int z = 0;// this is the counter for the temp hand
    #####:  708:	if (nextPlayer > (state->numPlayers - 1)){
branch  0 never executed
branch  1 never executed
    #####:  709:	nextPlayer = 0;
        -:  710:	}
        -:  711: 
        -:  712:	//smithy Action
        -:  713:      //+3 Cards
    #####:  714:      for (i = 0; i < 4; i++) //FIX ME, change to i < 3
branch  0 never executed
branch  1 never executed
        -:  715:	{
    #####:  716:	  drawCard(currentPlayer, state);
call    0 never executed
        -:  717:	}
        -:  718:			
        -:  719:      //discard card from hand
    #####:  720:      discardCard(handPos, currentPlayer, state, 0);
call    0 never executed
    #####:  721:      return 0;
        -:  722:}
        -:  723:
        -:  724:
        -:  725://Mine
function actMine called 0 returned 0% blocks executed 0%
    #####:  726:int actMine(int card, int choice1, int choice2, int choice3, struct gameState *state, int handPos, int *bonus)
        -:  727:{
        -:  728:	//general initialization
        -:  729:	int i;
        -:  730:	int j;
        -:  731:	int k;
        -:  732:	int x;
        -:  733:	int index;
    #####:  734:	int currentPlayer = whoseTurn(state);
call    0 never executed
    #####:  735:	int nextPlayer = currentPlayer + 1;
        -:  736:
    #####:  737:	int tributeRevealedCards[2] = {-1, -1};
        -:  738:	int temphand[MAX_HAND];// moved above the if statement
    #####:  739:	int drawntreasure=0;
        -:  740:	int cardDrawn;
    #####:  741:	int z = 0;// this is the counter for the temp hand
    #####:  742:	if (nextPlayer > (state->numPlayers - 1)){
branch  0 never executed
branch  1 never executed
    #####:  743:	nextPlayer = 0;
        -:  744:	}
        -:  745:	
        -:  746:	//mine action
    #####:  747:	j = state->hand[currentPlayer][choice1];  //store card we will trash
        -:  748:
        -:  749:	//FIX ME, uncomment to check if the player is trashing a treasure card
        -:  750:	/*
        -:  751:      if (state->hand[currentPlayer][choice1] < copper || state->hand[currentPlayer][choice1] > gold)
        -:  752:	{
        -:  753:	  return -1;
        -:  754:	}
        -:  755:	*/
        -:  756:		
    #####:  757:      if (choice2 > treasure_map || choice2 < curse)
branch  0 never executed
branch  1 never executed
branch  2 never executed
branch  3 never executed
        -:  758:	{
    #####:  759:	  return -1;
        -:  760:	}
        -:  761:
    #####:  762:      if ( (getCost(state->hand[currentPlayer][choice1]) + 3) > getCost(choice2) )
call    0 never executed
call    1 never executed
branch  2 never executed
branch  3 never executed
        -:  763:	{
    #####:  764:	  return -1;
        -:  765:	}
        -:  766:
    #####:  767:      gainCard(choice2, state, 2, currentPlayer);
call    0 never executed
        -:  768:
        -:  769:      //discard card from hand
    #####:  770:      discardCard(handPos, currentPlayer, state, 0);
call    0 never executed
        -:  771:
        -:  772:      //discard trashed card
    #####:  773:      for (i = 0; i < state->handCount[currentPlayer]; i++)
branch  0 never executed
branch  1 never executed
        -:  774:	{
    #####:  775:	  if (state->hand[currentPlayer][i] == j)
branch  0 never executed
branch  1 never executed
        -:  776:	    {
    #####:  777:	      discardCard(i, currentPlayer, state, 0);			
call    0 never executed
    #####:  778:	      break;
        -:  779:	    }
        -:  780:	}
        -:  781:			
    #####:  782:      return 0;
        -:  783:}
        -:  784:
        -:  785://Remodel
function actRemodel called 0 returned 0% blocks executed 0%
    #####:  786:int actRemodel(int card, int choice1, int choice2, int choice3, struct gameState *state, int handPos, int *bonus)
        -:  787:{
        -:  788:	//general initialization
        -:  789:	int i;
        -:  790:	int j;
        -:  791:	int k;
        -:  792:	int x;
        -:  793:	int index;
    #####:  794:	int currentPlayer = whoseTurn(state);
call    0 never executed
    #####:  795:	int nextPlayer = currentPlayer + 1;
        -:  796:
    #####:  797:	int tributeRevealedCards[2] = {-1, -1};
        -:  798:	int temphand[MAX_HAND];// moved above the if statement
    #####:  799:	int drawntreasure=0;
        -:  800:	int cardDrawn;
    #####:  801:	int z = 0;// this is the counter for the temp hand
    #####:  802:	if (nextPlayer > (state->numPlayers - 1)){
branch  0 never executed
branch  1 never executed
    #####:  803:	nextPlayer = 0;
        -:  804:	}
        -:  805:	
        -:  806:	//remodel action
    #####:  807:      j = state->hand[currentPlayer][choice1];  //store card we will trash
        -:  808:
        -:  809:	/*make sure that the new card does not cost more than
        -:  810:	2 treasures more than the trashed card*/
    #####:  811:      if ( (getCost(state->hand[currentPlayer][choice1]) + 2) > getCost(choice2) )
call    0 never executed
call    1 never executed
branch  2 never executed
branch  3 never executed
        -:  812:	{
    #####:  813:	  return -1;
        -:  814:	}
        -:  815:
    #####:  816:      gainCard(choice2, state, 0, currentPlayer);
call    0 never executed
        -:  817:
        -:  818:      //discard card from hand
    #####:  819:      discardCard(handPos, currentPlayer, state, 0);
call    0 never executed
        -:  820:
        -:  821:      //discard trashed card
    #####:  822:      for (i = 0; i < state->handCount[currentPlayer]; i++)
branch  0 never executed
branch  1 never executed
        -:  823:	{
    #####:  824:	  if (state->hand[currentPlayer][i] == j)
branch  0 never executed
branch  1 never executed
        -:  825:	    {
    #####:  826:	      discardCard(i, currentPlayer, state, 0);			
call    0 never executed
    #####:  827:	      break;
        -:  828:	    }
        -:  829:	}
        -:  830:
        -:  831:
    #####:  832:      return 0;
        -:  833:}
        -:  834:
        -:  835://Village
function actVillage called 0 returned 0% blocks executed 0%
    #####:  836:int actVillage(int card, int choice1, int choice2, int choice3, struct gameState *state, int handPos, int *bonus)
        -:  837:{
        -:  838:	//general initialization
        -:  839:	int i;
        -:  840:	int j;
        -:  841:	int k;
        -:  842:	int x;
        -:  843:	int index;
    #####:  844:	int currentPlayer = whoseTurn(state);
call    0 never executed
    #####:  845:	int nextPlayer = currentPlayer + 1;
        -:  846:
    #####:  847:	int tributeRevealedCards[2] = {-1, -1};
        -:  848:	int temphand[MAX_HAND];// moved above the if statement
    #####:  849:	int drawntreasure=0;
        -:  850:	int cardDrawn;
    #####:  851:	int z = 0;// this is the counter for the temp hand
    #####:  852:	if (nextPlayer > (state->numPlayers - 1)){
branch  0 never executed
branch  1 never executed
    #####:  853:	nextPlayer = 0;
        -:  854:	}
        -:  855:	
        -:  856:	//village action
        -:  857:      //+1 Card
    #####:  858:      drawCard(currentPlayer, state);
call    0 never executed
        -:  859:			
        -:  860:      //+2 Actions
    #####:  861:      state->numActions = state->numActions + 1; //FIX ME, change to + 2
        -:  862:			
        -:  863:      //discard played card from hand
    #####:  864:      discardCard(handPos, currentPlayer, state, 0);
call    0 never executed
    #####:  865:      return 0;
        -:  866:}
        -:  867:
function cardEffect called 1000 returned 100% blocks executed 5%
     1000:  868:int cardEffect(int card, int choice1, int choice2, int choice3, struct gameState *state, int handPos, int *bonus)
        -:  869:{
        -:  870:  int i;
        -:  871:  int j;
        -:  872:  int k;
        -:  873:  int x;
        -:  874:  int index;
     1000:  875:  int currentPlayer = whoseTurn(state);
call    0 returned 100%
     1000:  876:  int nextPlayer = currentPlayer + 1;
        -:  877:
     1000:  878:  int tributeRevealedCards[2] = {-1, -1};
        -:  879:  int temphand[MAX_HAND];// moved above the if statement
     1000:  880:  int drawntreasure=0;
        -:  881:  int cardDrawn;
     1000:  882:  int z = 0;// this is the counter for the temp hand
     1000:  883:  if (nextPlayer > (state->numPlayers - 1)){
branch  0 taken 0% (fallthrough)
branch  1 taken 100%
    #####:  884:    nextPlayer = 0;
        -:  885:  }
        -:  886:  
        -:  887:	
        -:  888:  //uses switch to select card and perform actions
     1000:  889:  switch( card ) 
branch  0 taken 0%
branch  1 taken 0%
branch  2 taken 0%
branch  3 taken 0%
branch  4 taken 0%
branch  5 taken 0%
branch  6 taken 0%
branch  7 taken 0%
branch  8 taken 0%
branch  9 taken 0%
branch 10 taken 0%
branch 11 taken 0%
branch 12 taken 0%
branch 13 taken 0%
branch 14 taken 0%
branch 15 taken 0%
branch 16 taken 0%
branch 17 taken 0%
branch 18 taken 100%
branch 19 taken 0%
branch 20 taken 0%
        -:  890:    {
        -:  891:    case adventurer:
    #####:  892:		actAdventurer(card, choice1, choice2, choice3, state, handPos, bonus);
call    0 never executed
        -:  893:			
        -:  894:    case council_room:
        -:  895:      //+4 Cards
    #####:  896:      for (i = 0; i < 4; i++)
branch  0 never executed
branch  1 never executed
        -:  897:	{
    #####:  898:	  drawCard(currentPlayer, state);
call    0 never executed
        -:  899:	}
        -:  900:			
        -:  901:      //+1 Buy
    #####:  902:      state->numBuys++;
        -:  903:			
        -:  904:      //Each other player draws a card
    #####:  905:      for (i = 0; i < state->numPlayers; i++)
branch  0 never executed
branch  1 never executed
        -:  906:	{
    #####:  907:	  if ( i != currentPlayer )
branch  0 never executed
branch  1 never executed
        -:  908:	    {
    #####:  909:	      drawCard(i, state);
call    0 never executed
        -:  910:	    }
        -:  911:	}
        -:  912:			
        -:  913:      //put played card in played card pile
    #####:  914:      discardCard(handPos, currentPlayer, state, 0);
call    0 never executed
        -:  915:			
    #####:  916:      return 0;
        -:  917:			
        -:  918:    case feast:
        -:  919:      //gain card with cost up to 5
        -:  920:      //Backup hand
    #####:  921:      for (i = 0; i <= state->handCount[currentPlayer]; i++){
branch  0 never executed
branch  1 never executed
    #####:  922:	temphand[i] = state->hand[currentPlayer][i];//Backup card
    #####:  923:	state->hand[currentPlayer][i] = -1;//Set to nothing
        -:  924:      }
        -:  925:      //Backup hand
        -:  926:
        -:  927:      //Update Coins for Buy
    #####:  928:      updateCoins(currentPlayer, state, 5);
call    0 never executed
    #####:  929:      x = 1;//Condition to loop on
    #####:  930:      while( x == 1) {//Buy one card
branch  0 never executed
branch  1 never executed
    #####:  931:	if (supplyCount(choice1, state) <= 0){
call    0 never executed
branch  1 never executed
branch  2 never executed
        -:  932:	  if (DEBUG)
        -:  933:	    printf("None of that card left, sorry!\n");
        -:  934:
        -:  935:	  if (DEBUG){
        -:  936:	    printf("Cards Left: %d\n", supplyCount(choice1, state));
        -:  937:	  }
        -:  938:	}
    #####:  939:	else if (state->coins < getCost(choice1)){
call    0 never executed
branch  1 never executed
branch  2 never executed
    #####:  940:	  printf("That card is too expensive!\n");
call    0 never executed
        -:  941:
        -:  942:	  if (DEBUG){
        -:  943:	    printf("Coins: %d < %d\n", state->coins, getCost(choice1));
        -:  944:	  }
        -:  945:	}
        -:  946:	else{
        -:  947:
        -:  948:	  if (DEBUG){
        -:  949:	    printf("Deck Count: %d\n", state->handCount[currentPlayer] + state->deckCount[currentPlayer] + state->discardCount[currentPlayer]);
        -:  950:	  }
        -:  951:
    #####:  952:	  gainCard(choice1, state, 0, currentPlayer);//Gain the card
call    0 never executed
    #####:  953:	  x = 0;//No more buying cards
        -:  954:
        -:  955:	  if (DEBUG){
        -:  956:	    printf("Deck Count: %d\n", state->handCount[currentPlayer] + state->deckCount[currentPlayer] + state->discardCount[currentPlayer]);
        -:  957:	  }
        -:  958:
        -:  959:	}
        -:  960:      }     
        -:  961:
        -:  962:      //Reset Hand
    #####:  963:      for (i = 0; i <= state->handCount[currentPlayer]; i++){
branch  0 never executed
branch  1 never executed
    #####:  964:	state->hand[currentPlayer][i] = temphand[i];
    #####:  965:	temphand[i] = -1;
        -:  966:      }
        -:  967:      //Reset Hand
        -:  968:      			
    #####:  969:      return 0;
        -:  970:			
        -:  971:    case gardens:
    #####:  972:      return -1;
        -:  973:			
        -:  974:    case mine:
    #####:  975:      actMine(card, choice1, choice2, choice3, state, handPos, bonus);
call    0 never executed
        -:  976:			
        -:  977:    case remodel:
    #####:  978:      actRemodel(card, choice1, choice2, choice3, state, handPos, bonus);
call    0 never executed
        -:  979:		
        -:  980:    case smithy:
    #####:  981:		actSmithy(card, choice1, choice2, choice3, state, handPos, bonus);
call    0 never executed
        -:  982:		
        -:  983:    case village:
    #####:  984:		actVillage(card, choice1, choice2, choice3, state, handPos, bonus);
call    0 never executed
        -:  985:		
        -:  986:    case baron:
    #####:  987:      state->numBuys++;//Increase buys by 1!
    #####:  988:      if (choice1 > 0){//Boolean true or going to discard an estate
branch  0 never executed
branch  1 never executed
    #####:  989:	int p = 0;//Iterator for hand!
    #####:  990:	int card_not_discarded = 1;//Flag for discard set!
    #####:  991:	while(card_not_discarded){
branch  0 never executed
branch  1 never executed
    #####:  992:	  if (state->hand[currentPlayer][p] == estate){//Found an estate card!
branch  0 never executed
branch  1 never executed
    #####:  993:	    state->coins += 4;//Add 4 coins to the amount of coins
    #####:  994:	    state->discard[currentPlayer][state->discardCount[currentPlayer]] = state->hand[currentPlayer][p];
    #####:  995:	    state->discardCount[currentPlayer]++;
    #####:  996:	    for (;p < state->handCount[currentPlayer]; p++){
branch  0 never executed
branch  1 never executed
    #####:  997:	      state->hand[currentPlayer][p] = state->hand[currentPlayer][p+1];
        -:  998:	    }
    #####:  999:	    state->hand[currentPlayer][state->handCount[currentPlayer]] = -1;
    #####: 1000:	    state->handCount[currentPlayer]--;
    #####: 1001:	    card_not_discarded = 0;//Exit the loop
        -: 1002:	  }
    #####: 1003:	  else if (p > state->handCount[currentPlayer]){
branch  0 never executed
branch  1 never executed
        -: 1004:	    if(DEBUG) {
        -: 1005:	      printf("No estate cards in your hand, invalid choice\n");
        -: 1006:	      printf("Must gain an estate if there are any\n");
        -: 1007:	    }
    #####: 1008:	    if (supplyCount(estate, state) > 0){
call    0 never executed
branch  1 never executed
branch  2 never executed
    #####: 1009:	      gainCard(estate, state, 0, currentPlayer);
call    0 never executed
    #####: 1010:	      state->supplyCount[estate]--;//Decrement estates
    #####: 1011:	      if (supplyCount(estate, state) == 0){
call    0 never executed
branch  1 never executed
branch  2 never executed
    #####: 1012:		isGameOver(state);
call    0 never executed
        -: 1013:	      }
        -: 1014:	    }
    #####: 1015:	    card_not_discarded = 0;//Exit the loop
        -: 1016:	  }
        -: 1017:			    
        -: 1018:	  else{
    #####: 1019:	    p++;//Next card
        -: 1020:	  }
        -: 1021:	}
        -: 1022:      }
        -: 1023:			    
        -: 1024:      else{
    #####: 1025:	if (supplyCount(estate, state) > 0){
call    0 never executed
branch  1 never executed
branch  2 never executed
    #####: 1026:	  gainCard(estate, state, 0, currentPlayer);//Gain an estate
call    0 never executed
    #####: 1027:	  state->supplyCount[estate]--;//Decrement Estates
    #####: 1028:	  if (supplyCount(estate, state) == 0){
call    0 never executed
branch  1 never executed
branch  2 never executed
    #####: 1029:	    isGameOver(state);
call    0 never executed
        -: 1030:	  }
        -: 1031:	}
        -: 1032:      }
        -: 1033:	    
        -: 1034:      
    #####: 1035:      return 0;
        -: 1036:		
        -: 1037:    case great_hall:
        -: 1038:      //+1 Card
    #####: 1039:      drawCard(currentPlayer, state);
call    0 never executed
        -: 1040:			
        -: 1041:      //+1 Actions
    #####: 1042:      state->numActions++;
        -: 1043:			
        -: 1044:      //discard card from hand
    #####: 1045:      discardCard(handPos, currentPlayer, state, 0);
call    0 never executed
    #####: 1046:      return 0;
        -: 1047:		
        -: 1048:    case minion:
        -: 1049:      //+1 action
    #####: 1050:      state->numActions++;
        -: 1051:			
        -: 1052:      //discard card from hand
    #####: 1053:      discardCard(handPos, currentPlayer, state, 0);
call    0 never executed
        -: 1054:			
    #####: 1055:      if (choice1)		//+2 coins
branch  0 never executed
branch  1 never executed
        -: 1056:	{
    #####: 1057:	  state->coins = state->coins + 2;
        -: 1058:	}
        -: 1059:			
    #####: 1060:      else if (choice2)		//discard hand, redraw 4, other players with 5+ cards discard hand and draw 4
branch  0 never executed
branch  1 never executed
        -: 1061:	{
        -: 1062:	  //discard hand
    #####: 1063:	  while(numHandCards(state) > 0)
call    0 never executed
branch  1 never executed
branch  2 never executed
        -: 1064:	    {
    #####: 1065:	      discardCard(handPos, currentPlayer, state, 0);
call    0 never executed
        -: 1066:	    }
        -: 1067:				
        -: 1068:	  //draw 4
    #####: 1069:	  for (i = 0; i < 4; i++)
branch  0 never executed
branch  1 never executed
        -: 1070:	    {
    #####: 1071:	      drawCard(currentPlayer, state);
call    0 never executed
        -: 1072:	    }
        -: 1073:				
        -: 1074:	  //other players discard hand and redraw if hand size > 4
    #####: 1075:	  for (i = 0; i < state->numPlayers; i++)
branch  0 never executed
branch  1 never executed
        -: 1076:	    {
    #####: 1077:	      if (i != currentPlayer)
branch  0 never executed
branch  1 never executed
        -: 1078:		{
    #####: 1079:		  if ( state->handCount[i] > 4 )
branch  0 never executed
branch  1 never executed
        -: 1080:		    {
        -: 1081:		      //discard hand
    #####: 1082:		      while( state->handCount[i] > 0 )
branch  0 never executed
branch  1 never executed
        -: 1083:			{
    #####: 1084:			  discardCard(handPos, i, state, 0);
call    0 never executed
        -: 1085:			}
        -: 1086:							
        -: 1087:		      //draw 4
    #####: 1088:		      for (j = 0; j < 4; j++)
branch  0 never executed
branch  1 never executed
        -: 1089:			{
    #####: 1090:			  drawCard(i, state);
call    0 never executed
        -: 1091:			}
        -: 1092:		    }
        -: 1093:		}
        -: 1094:	    }
        -: 1095:				
        -: 1096:	}
    #####: 1097:      return 0;
        -: 1098:		
        -: 1099:    case steward:
    #####: 1100:      if (choice1 == 1)
branch  0 never executed
branch  1 never executed
        -: 1101:	{
        -: 1102:	  //+2 cards
    #####: 1103:	  drawCard(currentPlayer, state);
call    0 never executed
    #####: 1104:	  drawCard(currentPlayer, state);
call    0 never executed
        -: 1105:	}
    #####: 1106:      else if (choice1 == 2)
branch  0 never executed
branch  1 never executed
        -: 1107:	{
        -: 1108:	  //+2 coins
    #####: 1109:	  state->coins = state->coins + 2;
        -: 1110:	}
        -: 1111:      else
        -: 1112:	{
        -: 1113:	  //trash 2 cards in hand
    #####: 1114:	  discardCard(choice2, currentPlayer, state, 1);
call    0 never executed
    #####: 1115:	  discardCard(choice3, currentPlayer, state, 1);
call    0 never executed
        -: 1116:	}
        -: 1117:			
        -: 1118:      //discard card from hand
    #####: 1119:      discardCard(handPos, currentPlayer, state, 0);
call    0 never executed
    #####: 1120:      return 0;
        -: 1121:		
        -: 1122:    case tribute:
    #####: 1123:      if ((state->discardCount[nextPlayer] + state->deckCount[nextPlayer]) <= 1){
branch  0 never executed
branch  1 never executed
    #####: 1124:	if (state->deckCount[nextPlayer] > 0){
branch  0 never executed
branch  1 never executed
    #####: 1125:	  tributeRevealedCards[0] = state->deck[nextPlayer][state->deckCount[nextPlayer]-1];
    #####: 1126:	  state->deckCount[nextPlayer]--;
        -: 1127:	}
    #####: 1128:	else if (state->discardCount[nextPlayer] > 0){
branch  0 never executed
branch  1 never executed
    #####: 1129:	  tributeRevealedCards[0] = state->discard[nextPlayer][state->discardCount[nextPlayer]-1];
    #####: 1130:	  state->discardCount[nextPlayer]--;
        -: 1131:	}
        -: 1132:	else{
        -: 1133:	  //No Card to Reveal
        -: 1134:	  if (DEBUG){
        -: 1135:	    printf("No cards to reveal\n");
        -: 1136:	  }
        -: 1137:	}
        -: 1138:      }
        -: 1139:	    
        -: 1140:      else{
    #####: 1141:	if (state->deckCount[nextPlayer] == 0){
branch  0 never executed
branch  1 never executed
    #####: 1142:	  for (i = 0; i < state->discardCount[nextPlayer]; i++){
branch  0 never executed
branch  1 never executed
    #####: 1143:	    state->deck[nextPlayer][i] = state->discard[nextPlayer][i];//Move to deck
    #####: 1144:	    state->deckCount[nextPlayer]++;
    #####: 1145:	    state->discard[nextPlayer][i] = -1;
    #####: 1146:	    state->discardCount[nextPlayer]--;
        -: 1147:	  }
        -: 1148:			    
    #####: 1149:	  shuffle(nextPlayer,state);//Shuffle the deck
call    0 never executed
        -: 1150:	} 
    #####: 1151:	tributeRevealedCards[0] = state->deck[nextPlayer][state->deckCount[nextPlayer]-1];
    #####: 1152:	state->deck[nextPlayer][state->deckCount[nextPlayer]--] = -1;
    #####: 1153:	state->deckCount[nextPlayer]--;
    #####: 1154:	tributeRevealedCards[1] = state->deck[nextPlayer][state->deckCount[nextPlayer]-1];
    #####: 1155:	state->deck[nextPlayer][state->deckCount[nextPlayer]--] = -1;
    #####: 1156:	state->deckCount[nextPlayer]--;
        -: 1157:      }    
        -: 1158:		       
    #####: 1159:      if (tributeRevealedCards[0] == tributeRevealedCards[1]){//If we have a duplicate card, just drop one 
branch  0 never executed
branch  1 never executed
    #####: 1160:	state->playedCards[state->playedCardCount] = tributeRevealedCards[1];
    #####: 1161:	state->playedCardCount++;
    #####: 1162:	tributeRevealedCards[1] = -1;
        -: 1163:      }
        -: 1164:
    #####: 1165:      for (i = 0; i <= 2; i ++){
branch  0 never executed
branch  1 never executed
    #####: 1166:	if (tributeRevealedCards[i] == copper || tributeRevealedCards[i] == silver || tributeRevealedCards[i] == gold){//Treasure cards
branch  0 never executed
branch  1 never executed
branch  2 never executed
branch  3 never executed
branch  4 never executed
branch  5 never executed
    #####: 1167:	  state->coins += 2;
        -: 1168:	}
        -: 1169:		    
    #####: 1170:	else if (tributeRevealedCards[i] == estate || tributeRevealedCards[i] == duchy || tributeRevealedCards[i] == province || tributeRevealedCards[i] == gardens || tributeRevealedCards[i] == great_hall){//Victory Card Found
branch  0 never executed
branch  1 never executed
branch  2 never executed
branch  3 never executed
branch  4 never executed
branch  5 never executed
branch  6 never executed
branch  7 never executed
branch  8 never executed
branch  9 never executed
    #####: 1171:	  drawCard(currentPlayer, state);
call    0 never executed
    #####: 1172:	  drawCard(currentPlayer, state);
call    0 never executed
        -: 1173:	}
        -: 1174:	else{//Action Card
    #####: 1175:	  state->numActions = state->numActions + 2;
        -: 1176:	}
        -: 1177:      }
        -: 1178:	    
    #####: 1179:      return 0;
        -: 1180:		
        -: 1181:    case ambassador:
    #####: 1182:      j = 0;		//used to check if player has enough cards to discard
        -: 1183:
    #####: 1184:      if (choice2 > 2 || choice2 < 0)
branch  0 never executed
branch  1 never executed
branch  2 never executed
branch  3 never executed
        -: 1185:	{
    #####: 1186:	  return -1;				
        -: 1187:	}
        -: 1188:
    #####: 1189:      if (choice1 == handPos)
branch  0 never executed
branch  1 never executed
        -: 1190:	{
    #####: 1191:	  return -1;
        -: 1192:	}
        -: 1193:
    #####: 1194:      for (i = 0; i < state->handCount[currentPlayer]; i++)
branch  0 never executed
branch  1 never executed
        -: 1195:	{
    #####: 1196:	  if (i != handPos && i == state->hand[currentPlayer][choice1] && i != choice1)
branch  0 never executed
branch  1 never executed
branch  2 never executed
branch  3 never executed
branch  4 never executed
branch  5 never executed
        -: 1197:	    {
    #####: 1198:	      j++;
        -: 1199:	    }
        -: 1200:	}
    #####: 1201:      if (j < choice2)
branch  0 never executed
branch  1 never executed
        -: 1202:	{
    #####: 1203:	  return -1;				
        -: 1204:	}
        -: 1205:
        -: 1206:      if (DEBUG) 
        -: 1207:	printf("Player %d reveals card number: %d\n", currentPlayer, state->hand[currentPlayer][choice1]);
        -: 1208:
        -: 1209:      //increase supply count for choosen card by amount being discarded
    #####: 1210:      state->supplyCount[state->hand[currentPlayer][choice1]] += choice2;
        -: 1211:			
        -: 1212:      //each other player gains a copy of revealed card
    #####: 1213:      for (i = 0; i < state->numPlayers; i++)
branch  0 never executed
branch  1 never executed
        -: 1214:	{
    #####: 1215:	  if (i != currentPlayer)
branch  0 never executed
branch  1 never executed
        -: 1216:	    {
    #####: 1217:	      gainCard(state->hand[currentPlayer][choice1], state, 0, i);
call    0 never executed
        -: 1218:	    }
        -: 1219:	}
        -: 1220:
        -: 1221:      //discard played card from hand
    #####: 1222:      discardCard(handPos, currentPlayer, state, 0);			
call    0 never executed
        -: 1223:
        -: 1224:      //trash copies of cards returned to supply
    #####: 1225:      for (j = 0; j < choice2; j++)
branch  0 never executed
branch  1 never executed
        -: 1226:	{
    #####: 1227:	  for (i = 0; i < state->handCount[currentPlayer]; i++)
branch  0 never executed
branch  1 never executed
        -: 1228:	    {
    #####: 1229:	      if (state->hand[currentPlayer][i] == state->hand[currentPlayer][choice1])
branch  0 never executed
branch  1 never executed
        -: 1230:		{
    #####: 1231:		  discardCard(i, currentPlayer, state, 1);
call    0 never executed
    #####: 1232:		  break;
        -: 1233:		}
        -: 1234:	    }
        -: 1235:	}			
        -: 1236:
    #####: 1237:      return 0;
        -: 1238:		
        -: 1239:    case cutpurse:
        -: 1240:
    #####: 1241:      updateCoins(currentPlayer, state, 2);
call    0 never executed
    #####: 1242:      for (i = 0; i < state->numPlayers; i++)
branch  0 never executed
branch  1 never executed
        -: 1243:	{
    #####: 1244:	  if (i != currentPlayer)
branch  0 never executed
branch  1 never executed
        -: 1245:	    {
    #####: 1246:	      for (j = 0; j < state->handCount[i]; j++)
branch  0 never executed
branch  1 never executed
        -: 1247:		{
    #####: 1248:		  if (state->hand[i][j] == copper)
branch  0 never executed
branch  1 never executed
        -: 1249:		    {
    #####: 1250:		      discardCard(j, i, state, 0);
call    0 never executed
    #####: 1251:		      break;
        -: 1252:		    }
    #####: 1253:		  if (j == state->handCount[i])
branch  0 never executed
branch  1 never executed
        -: 1254:		    {
    #####: 1255:		      for (k = 0; k < state->handCount[i]; k++)
branch  0 never executed
branch  1 never executed
        -: 1256:			{
        -: 1257:			  if (DEBUG)
        -: 1258:			    printf("Player %d reveals card number %d\n", i, state->hand[i][k]);
        -: 1259:			}	
    #####: 1260:		      break;
        -: 1261:		    }		
        -: 1262:		}
        -: 1263:					
        -: 1264:	    }
        -: 1265:				
        -: 1266:	}				
        -: 1267:
        -: 1268:      //discard played card from hand
    #####: 1269:      discardCard(handPos, currentPlayer, state, 0);			
call    0 never executed
        -: 1270:
    #####: 1271:      return 0;
        -: 1272:
        -: 1273:		
        -: 1274:    case embargo: 
        -: 1275:      //+2 Coins
    #####: 1276:      state->coins = state->coins + 2;
        -: 1277:			
        -: 1278:      //see if selected pile is in play
    #####: 1279:      if ( state->supplyCount[choice1] == -1 )
branch  0 never executed
branch  1 never executed
        -: 1280:	{
    #####: 1281:	  return -1;
        -: 1282:	}
        -: 1283:			
        -: 1284:      //add embargo token to selected supply pile
    #####: 1285:      state->embargoTokens[choice1]++;
        -: 1286:			
        -: 1287:      //trash card
    #####: 1288:      discardCard(handPos, currentPlayer, state, 1);		
call    0 never executed
    #####: 1289:      return 0;
        -: 1290:		
        -: 1291:    case outpost:
        -: 1292:      //set outpost flag
    #####: 1293:      state->outpostPlayed++;
        -: 1294:			
        -: 1295:      //discard card
    #####: 1296:      discardCard(handPos, currentPlayer, state, 0);
call    0 never executed
    #####: 1297:      return 0;
        -: 1298:		
        -: 1299:    case salvager:
        -: 1300:      //+1 buy
    #####: 1301:      state->numBuys++;
        -: 1302:			
    #####: 1303:      if (choice1)
branch  0 never executed
branch  1 never executed
        -: 1304:	{
        -: 1305:	  //gain coins equal to trashed card
    #####: 1306:	  state->coins = state->coins + getCost( handCard(choice1, state) );
call    0 never executed
call    1 never executed
        -: 1307:	  //trash card
    #####: 1308:	  discardCard(choice1, currentPlayer, state, 1);	
call    0 never executed
        -: 1309:	}
        -: 1310:			
        -: 1311:      //discard card
    #####: 1312:      discardCard(handPos, currentPlayer, state, 0);
call    0 never executed
    #####: 1313:      return 0;
        -: 1314:		
        -: 1315:    case sea_hag:
     3000: 1316:      for (i = 0; i < state->numPlayers; i++){
branch  0 taken 67%
branch  1 taken 33% (fallthrough)
     2000: 1317:	if (i != currentPlayer){
branch  0 taken 50% (fallthrough)
branch  1 taken 50%
     1000: 1318:	  state->discard[i][state->discardCount[i]] = state->deck[i][state->deckCount[i]--];			    state->deckCount[i]--;
     1000: 1319:	  state->discardCount[i]++;
     1000: 1320:	  state->deck[i][state->deckCount[i]--] = curse;//Top card now a curse
        -: 1321:	}
        -: 1322:      }
     1000: 1323:      return 0;
        -: 1324:		
        -: 1325:    case treasure_map:
        -: 1326:      //search hand for another treasure_map
    #####: 1327:      index = -1;
    #####: 1328:      for (i = 0; i < state->handCount[currentPlayer]; i++)
branch  0 never executed
branch  1 never executed
        -: 1329:	{
    #####: 1330:	  if (state->hand[currentPlayer][i] == treasure_map && i != handPos)
branch  0 never executed
branch  1 never executed
branch  2 never executed
branch  3 never executed
        -: 1331:	    {
    #####: 1332:	      index = i;
    #####: 1333:	      break;
        -: 1334:	    }
        -: 1335:	}
    #####: 1336:      if (index > -1)
branch  0 never executed
branch  1 never executed
        -: 1337:	{
        -: 1338:	  //trash both treasure cards
    #####: 1339:	  discardCard(handPos, currentPlayer, state, 1);
call    0 never executed
    #####: 1340:	  discardCard(index, currentPlayer, state, 1);
call    0 never executed
        -: 1341:
        -: 1342:	  //gain 4 Gold cards
    #####: 1343:	  for (i = 0; i < 4; i++)
branch  0 never executed
branch  1 never executed
        -: 1344:	    {
    #####: 1345:	      gainCard(gold, state, 1, currentPlayer);
call    0 never executed
        -: 1346:	    }
        -: 1347:				
        -: 1348:	  //return success
    #####: 1349:	  return 1;
        -: 1350:	}
        -: 1351:			
        -: 1352:      //no second treasure_map found in hand
    #####: 1353:      return -1;
        -: 1354:    }
        -: 1355:	
    #####: 1356:  return -1;
        -: 1357:}
        -: 1358:
        -: 1359:
function discardCard called 0 returned 0% blocks executed 0%
    #####: 1360:int discardCard(int handPos, int currentPlayer, struct gameState *state, int trashFlag)
        -: 1361:{
        -: 1362:	
        -: 1363:  //if card is not trashed, added to Played pile 
    #####: 1364:  if (trashFlag < 1)
branch  0 never executed
branch  1 never executed
        -: 1365:    {
        -: 1366:      //add card to played pile
    #####: 1367:      state->playedCards[state->playedCardCount] = state->hand[currentPlayer][handPos]; 
    #####: 1368:      state->playedCardCount++;
        -: 1369:    }
        -: 1370:	
        -: 1371:  //set played card to -1
    #####: 1372:  state->hand[currentPlayer][handPos] = -1;
        -: 1373:	
        -: 1374:  //remove card from player's hand
    #####: 1375:  if ( handPos == (state->handCount[currentPlayer] - 1) ) 	//last card in hand array is played
branch  0 never executed
branch  1 never executed
        -: 1376:    {
        -: 1377:      //reduce number of cards in hand
    #####: 1378:      state->handCount[currentPlayer]--;
        -: 1379:    }
    #####: 1380:  else if ( state->handCount[currentPlayer] == 1 ) //only one card in hand
branch  0 never executed
branch  1 never executed
        -: 1381:    {
        -: 1382:      //reduce number of cards in hand
    #####: 1383:      state->handCount[currentPlayer]--;
        -: 1384:    }
        -: 1385:  else 	
        -: 1386:    {
        -: 1387:      //replace discarded card with last card in hand
    #####: 1388:      state->hand[currentPlayer][handPos] = state->hand[currentPlayer][ (state->handCount[currentPlayer] - 1)];
        -: 1389:      //set last card to -1
    #####: 1390:      state->hand[currentPlayer][state->handCount[currentPlayer] - 1] = -1;
        -: 1391:      //reduce number of cards in hand
    #####: 1392:      state->handCount[currentPlayer]--;
        -: 1393:    }
        -: 1394:	
    #####: 1395:  return 0;
        -: 1396:}
        -: 1397:
function gainCard called 0 returned 0% blocks executed 0%
    #####: 1398:int gainCard(int supplyPos, struct gameState *state, int toFlag, int player)
        -: 1399:{
        -: 1400:  //Note: supplyPos is enum of choosen card
        -: 1401:	
        -: 1402:  //check if supply pile is empty (0) or card is not used in game (-1)
    #####: 1403:  if ( supplyCount(supplyPos, state) < 1 )
call    0 never executed
branch  1 never executed
branch  2 never executed
        -: 1404:    {
    #####: 1405:      return -1;
        -: 1406:    }
        -: 1407:	
        -: 1408:  //added card for [whoseTurn] current player:
        -: 1409:  // toFlag = 0 : add to discard
        -: 1410:  // toFlag = 1 : add to deck
        -: 1411:  // toFlag = 2 : add to hand
        -: 1412:
    #####: 1413:  if (toFlag == 1)
branch  0 never executed
branch  1 never executed
        -: 1414:    {
    #####: 1415:      state->deck[ player ][ state->deckCount[player] ] = supplyPos;
    #####: 1416:      state->deckCount[player]++;
        -: 1417:    }
    #####: 1418:  else if (toFlag == 2)
branch  0 never executed
branch  1 never executed
        -: 1419:    {
    #####: 1420:      state->hand[ player ][ state->handCount[player] ] = supplyPos;
    #####: 1421:      state->handCount[player]++;
        -: 1422:    }
        -: 1423:  else
        -: 1424:    {
    #####: 1425:      state->discard[player][ state->discardCount[player] ] = supplyPos;
    #####: 1426:      state->discardCount[player]++;
        -: 1427:    }
        -: 1428:	
        -: 1429:  //decrease number in supply pile
    #####: 1430:  state->supplyCount[supplyPos]--;
        -: 1431:	 
    #####: 1432:  return 0;
        -: 1433:}
        -: 1434:
function updateCoins called 1001 returned 100% blocks executed 82%
     1001: 1435:int updateCoins(int player, struct gameState *state, int bonus)
        -: 1436:{
        -: 1437:  int i;
        -: 1438:	
        -: 1439:  //reset coin count
     1001: 1440:  state->coins = 0;
        -: 1441:
        -: 1442:  //add coins for each Treasure card in player's hand
     6006: 1443:  for (i = 0; i < state->handCount[player]; i++)
branch  0 taken 83%
branch  1 taken 17% (fallthrough)
        -: 1444:    {
     5005: 1445:      if (state->hand[player][i] == copper)
branch  0 taken 60% (fallthrough)
branch  1 taken 40%
        -: 1446:	{
     3003: 1447:	  state->coins += 1;
        -: 1448:	}
     2002: 1449:      else if (state->hand[player][i] == silver)
branch  0 taken 0% (fallthrough)
branch  1 taken 100%
        -: 1450:	{
    #####: 1451:	  state->coins += 2;
        -: 1452:	}
     2002: 1453:      else if (state->hand[player][i] == gold)
branch  0 taken 0% (fallthrough)
branch  1 taken 100%
        -: 1454:	{
    #####: 1455:	  state->coins += 3;
        -: 1456:	}	
        -: 1457:    }	
        -: 1458:
        -: 1459:  //add bonus
     1001: 1460:  state->coins += bonus;
        -: 1461:
     1001: 1462:  return 0;
        -: 1463:}
        -: 1464:
        -: 1465:
        -: 1466://end of dominion.c
        -: 1467:
